[20:48:49] [main/INFO]: Loading Minecraft 1.21.8 with Fabric Loader 0.17.2
[20:48:49] [main/INFO]: Loading 45 mods:
	- architectury 17.0.8
	- fabric-api 0.133.4+1.21.8
	   |-- fabric-api-base 0.5.0+cd8c0daa2c
	   |-- fabric-api-lookup-api-v1 1.6.101+946bf4c32c
	   |-- fabric-biome-api-v1 16.0.11+946bf4c32c
	   |-- fabric-block-api-v1 1.1.3+946bf4c32c
	   |-- fabric-block-view-api-v2 1.0.31+946bf4c32c
	   |-- fabric-command-api-v2 2.3.1+52fff9ec2c
	   |-- fabric-content-registries-v0 10.1.0+c75de69d2c
	   |-- fabric-convention-tags-v1 2.1.41+7f945d5b2c
	   |-- fabric-convention-tags-v2 2.15.6+eb5df52f2c
	   |-- fabric-crash-report-info-v1 0.3.15+946bf4c32c
	   |-- fabric-data-attachment-api-v1 1.8.13+38b5f74e2c
	   |-- fabric-data-generation-api-v1 23.2.7+0b1ef9762c
	   |-- fabric-dimensions-v1 4.0.20+948fc79a2c
	   |-- fabric-entity-events-v1 2.1.2+c9e472732c
	   |-- fabric-events-interaction-v0 4.0.25+946bf4c32c
	   |-- fabric-game-rule-api-v1 1.0.73+c64c9c5b2c
	   |-- fabric-item-api-v1 11.5.0+02ce13f42c
	   |-- fabric-item-group-api-v1 4.2.14+c5f9bbc12c
	   |-- fabric-key-binding-api-v1 1.0.65+946bf4c32c
	   |-- fabric-lifecycle-events-v1 2.6.4+db4dfd852c
	   |-- fabric-loot-api-v2 3.0.56+3f89f5a52c
	   |-- fabric-loot-api-v3 2.0.3+946bf4c32c
	   |-- fabric-message-api-v1 6.1.2+946bf4c32c
	   |-- fabric-model-loading-api-v1 5.2.7+946bf4c32c
	   |-- fabric-networking-api-v1 5.0.3+4ddbf91b2c
	   |-- fabric-object-builder-api-v1 21.1.9+946bf4c32c
	   |-- fabric-particles-v1 4.1.9+946bf4c32c
	   |-- fabric-recipe-api-v1 8.1.16+946bf4c32c
	   |-- fabric-registry-sync-v0 6.1.29+946bf4c32c
	   |-- fabric-renderer-api-v1 7.0.4+208eed172c
	   |-- fabric-renderer-indigo 4.0.4+946bf4c32c
	   |-- fabric-rendering-fluids-v1 3.1.31+fa6cb72b2c
	   |-- fabric-rendering-v1 12.5.1+fbe231d52c
	   |-- fabric-resource-conditions-api-v1 5.0.25+98e6d6db2c
	   |-- fabric-resource-loader-v0 3.1.12+020423442c
	   |-- fabric-screen-api-v1 2.1.1+277ecf7d2c
	   |-- fabric-screen-handler-api-v1 1.3.138+946bf4c32c
	   |-- fabric-serialization-api-v1 1.0.0+fc0e5aba2c
	   |-- fabric-sound-api-v1 1.0.42+946bf4c32c
	   |-- fabric-tag-api-v1 1.2.2+946bf4c32c
	   |-- fabric-transfer-api-v1 6.0.6+946bf4c32c
	   \-- fabric-transitive-access-wideners-v1 6.5.0+c847ce762c
	- fabricloader 0.17.2
	   \-- mixinextras 0.5.0
	- fallingtree 1.21.8.3
	- jamlib 1.3.5+1.21.8
	   \-- blue_endless_jankson 1.2.3
	- java 21
	- minecraft 1.21.8
	- rightclickharvest 4.6.0+1.21.8
[20:48:49] [main/INFO]: SpongePowered MIXIN Subsystem Version=0.8.7 Source=file:/home/connor/MinecraftVanilla/libraries/net/fabricmc/sponge-mixin/0.16.3+mixin.0.8.7/sponge-mixin-0.16.3+mixin.0.8.7.jar Service=Knot/Fabric Env=SERVER
[20:48:49] [main/INFO]: Compatibility level set to JAVA_16
[20:48:49] [main/INFO]: Compatibility level set to JAVA_21
[20:48:50] [main/INFO]: Initializing MixinExtras via com.llamalad7.mixinextras.service.MixinExtrasServiceImpl(version=0.5.0).
[20:48:54] [main/INFO]: Initializing JamLib on Fabric
[20:48:54] [main/INFO]: Updated config file at /home/connor/MinecraftVanilla/config/rightclickharvest.json5
[20:48:54] [main/INFO]: Initializing Right Click Harvest on FABRIC
[20:48:54] [main/INFO]: Environment: Environment[sessionHost=https://sessionserver.mojang.com, servicesHost=https://api.minecraftservices.com, name=PROD]
[20:48:56] [main/INFO]: Loaded 1407 recipes
[20:48:56] [main/INFO]: Loaded 1520 advancements
[20:48:56] [main/INFO]: Applied 0 biome modifications to 0 of 65 new biomes in 1.283 ms
[20:48:56] [Server thread/INFO]: Starting minecraft server version 1.21.8
[20:48:56] [Server thread/INFO]: Loading properties
[20:48:56] [Server thread/INFO]: Default game type: SURVIVAL
[20:48:56] [Server thread/INFO]: Generating keypair
[20:48:56] [Server thread/INFO]: Starting Minecraft server on *:4901
[20:48:56] [Server thread/INFO]: Using epoll channel type
[20:48:56] [Server thread/INFO]: Preparing level "world"
[20:48:56] [Server thread/INFO]: Preparing start region for dimension minecraft:overworld
[20:48:57] [Worker-Main-11/INFO]: Preparing spawn area: 0%
[20:48:57] [Worker-Main-11/INFO]: Preparing spawn area: 0%
[20:48:57] [Worker-Main-11/INFO]: Preparing spawn area: 0%
[20:48:58] [Server thread/INFO]: Time elapsed: 1346 ms
[20:48:58] [Server thread/INFO]: Done (1.713s)! For help, type "help"
[20:48:58] [Server thread/INFO]: Stopping the server
[20:48:58] [Server thread/INFO]: Stopping server
[20:48:58] [Server thread/INFO]: Saving players
[20:48:58] [Server thread/INFO]: Saving worlds
[20:48:58] [Server thread/INFO]: Saving chunks for level 'ServerLevel[world]'/minecraft:overworld
[20:48:58] [Server thread/INFO]: Saving chunks for level 'ServerLevel[world]'/minecraft:the_end
[20:48:58] [Server thread/INFO]: Saving chunks for level 'ServerLevel[world]'/minecraft:the_nether
[20:48:58] [Server thread/INFO]: ThreadedAnvilChunkStorage (world): All chunks are saved
[20:48:58] [Server thread/INFO]: ThreadedAnvilChunkStorage (DIM1): All chunks are saved
[20:48:58] [Server thread/INFO]: ThreadedAnvilChunkStorage (DIM-1): All chunks are saved
[20:48:58] [Server thread/INFO]: ThreadedAnvilChunkStorage: All dimensions are saved
tions-api-v1 5.0.25+98e6d6db2c
	   |-- fabric-resource-loader-v0 3.1.12+020423442c
	   |-- fabric-screen-api-v1 2.1.1+277ecf7d2c
	   |-- fabric-screen-handler-api-v1 1.3.138+946bf4c32c
	   |-- fabric-serialization-api-v1 1.0.0+fc0e5aba2c
	   |-- fabric-sound-api-v1 1.0.42+946bf4c32c
	   |-- fabric-tag-api-v1 1.2.2+946bf4c32c
	   |-- fabric-transfer-api-v1 6.0.6+946bf4c32c
	   \-- fabric-transitive-access-wideners-v1 6.5.0+c847ce762c
	- fabricloader 0.17.2
	   \-- mixinextras 0.5.0
	- fallingtree 1.21.8.3
	- jamlib 1.3.5+1.21.8
	   \-- blue_endless_jankson 1.2.3
	- java 21
	- minecraft 1.21.8
	- rightclickharvest 4.6.0+1.21.8
[20:48:55] [main/INFO]: SpongePowered MIXIN Subsystem Version=0.8.7 Source=file:/home/connor/MinecraftVanilla/libraries/net/fabricmc/sponge-mixin/0.16.3+mixin.0.8.7/sponge-mixin-0.16.3+mixin.0.8.7.jar Service=Knot/Fabric Env=SERVER
[20:48:55] [main/INFO]: Compatibility level set to JAVA_16
[20:48:55] [main/INFO]: Compatibility level set to JAVA_21
[20:48:56] [main/INFO]: Initializing MixinExtras via com.llamalad7.mixinextras.service.MixinExtrasServiceImpl(version=0.5.0).
[20:49:01] [main/INFO]: Initializing JamLib on Fabric
[20:49:01] [main/INFO]: Updated config file at /home/connor/MinecraftVanilla/config/rightclickharvest.json5
[20:49:01] [main/INFO]: Initializing Right Click Harvest on FABRIC
[20:49:01] [main/INFO]: Environment: Environment[sessionHost=https://sessionserver.mojang.com, servicesHost=https://api.minecraftservices.com, name=PROD]
[20:49:02] [main/INFO]: Loaded 1407 recipes
[20:49:02] [main/INFO]: Loaded 1520 advancements
[20:49:02] [main/INFO]: Applied 0 biome modifications to 0 of 65 new biomes in 978.3 μs
[20:49:02] [Server thread/INFO]: Starting minecraft server version 1.21.8
[20:49:02] [Server thread/INFO]: Loading properties
[20:49:02] [Server thread/INFO]: Default game type: SURVIVAL
[20:49:02] [Server thread/INFO]: Generating keypair
[20:49:02] [Server thread/INFO]: Starting Minecraft server on *:4901
[20:49:02] [Server thread/INFO]: Using epoll channel type
[20:49:02] [Server thread/INFO]: Preparing level "world"
[20:49:02] [Server thread/INFO]: Preparing start region for dimension minecraft:overworld
[20:49:03] [Worker-Main-3/INFO]: Preparing spawn area: 0%
[20:49:03] [Worker-Main-3/INFO]: Preparing spawn area: 0%
[20:49:03] [Server thread/INFO]: Time elapsed: 939 ms
[20:49:03] [Server thread/INFO]: Done (1.193s)! For help, type "help"
[20:49:06] [User Authenticator #1/INFO]: UUID of player Corniidog is 9be01680-ba1f-4208-967a-a22fbaa48e8e
[20:49:07] [Server thread/INFO]: Corniidog[/192.168.50.51:52984] logged in with entity id 14 at (-160.1881280248542, 56.0, 57.57978996508935)
[20:49:07] [Server thread/INFO]: Corniidog joined the game
[20:49:08] [User Authenticator #2/INFO]: UUID of player PockiiDog is f0f43bd9-77ae-4623-ad33-7cc3521fe961
[20:49:08] [Server thread/INFO]: PockiiDog[/99.230.242.146:65278] logged in with entity id 401 at (-146.94878995176316, 57.0, 43.389517732874125)
[20:49:08] [Server thread/INFO]: PockiiDog joined the game
[20:49:09] [User Authenticator #3/INFO]: UUID of player nostalgicB33 is 8d06aa00-6980-4120-8150-c9cdb476a14d
[20:49:10] [Server thread/INFO]: nostalgicB33[/76.183.221.19:50373] logged in with entity id 411 at (-410.271240234375, 62.11076431274413, 251.29345703125)
[20:49:10] [Server thread/INFO]: nostalgicB33 joined the game
